\BOOKMARK [-1][-]{part.1}{\376\377\000I\000\040\000L\000e\000g\000a\000l\000\040\000p\000r\000o\000b\000a\000b\000i\000l\000i\000s\000m\000\040\000a\000n\000d\000\040\000i\000t\000s\000\040\000f\000o\000e\000s}{}% 1
\BOOKMARK [0][-]{chapter.1}{\376\377\000T\000h\000e\000\040\000e\000m\000e\000r\000g\000e\000n\000c\000e\000\040\000o\000f\000\040\000l\000e\000g\000a\000l\000\040\000p\000r\000o\000b\000a\000b\000i\000l\000i\000s\000m}{part.1}% 2
\BOOKMARK [1][-]{section.1.1}{\376\377\000F\000a\000m\000o\000u\000s\000\040\000c\000a\000s\000e\000s}{chapter.1}% 3
\BOOKMARK [1][-]{section.1.2}{\376\377\000P\000r\000o\000b\000a\000b\000i\000l\000i\000s\000t\000i\000c\000\040\000e\000v\000i\000d\000e\000n\000c\000e}{chapter.1}% 4
\BOOKMARK [1][-]{section.1.3}{\376\377\000T\000r\000i\000a\000l\000\040\000b\000y\000\040\000m\000a\000t\000h\000e\000m\000a\000t\000i\000c\000s}{chapter.1}% 5
\BOOKMARK [1][-]{section.1.4}{\376\377\000S\000o\000m\000e\000\040\000h\000i\000s\000t\000o\000r\000y}{chapter.1}% 6
\BOOKMARK [0][-]{chapter.2}{\376\377\000A\000\040\000s\000k\000e\000p\000t\000i\000c\000a\000l\000\040\000p\000e\000r\000s\000p\000e\000c\000t\000i\000v\000e}{part.1}% 7
\BOOKMARK [1][-]{section.2.1}{\376\377\000T\000h\000e\000\040\000d\000i\000f\000f\000i\000c\000u\000l\000t\000y\000\040\000a\000b\000o\000u\000t\000\040\000c\000o\000n\000j\000u\000n\000c\000t\000i\000o\000n}{chapter.2}% 8
\BOOKMARK [1][-]{section.2.2}{\376\377\000T\000h\000e\000\040\000c\000o\000m\000p\000l\000e\000x\000i\000t\000y\000\040\000o\000b\000j\000e\000c\000t\000i\000o\000n}{chapter.2}% 9
\BOOKMARK [1][-]{section.2.3}{\376\377\000T\000h\000e\000\040\000p\000r\000o\000b\000l\000e\000m\000\040\000o\000f\000\040\000c\000o\000r\000r\000o\000b\000o\000r\000a\000t\000i\000o\000n}{chapter.2}% 10
\BOOKMARK [1][-]{section.2.4}{\376\377\000T\000h\000e\000\040\000p\000r\000o\000b\000l\000e\000m\000\040\000o\000f\000\040\000a\000r\000t\000i\000f\000i\000c\000i\000a\000l\000\040\000p\000r\000e\000c\000i\000s\000i\000o\000n}{chapter.2}% 11
\BOOKMARK [1][-]{section.2.5}{\376\377\000N\000a\000k\000e\000d\000\040\000s\000t\000a\000t\000i\000s\000t\000i\000c\000a\000l\000\040\000e\000v\000i\000d\000e\000n\000c\000e}{chapter.2}% 12
\BOOKMARK [1][-]{section.2.6}{\376\377\000T\000h\000e\000\040\000p\000r\000o\000b\000l\000e\000m\000\040\000o\000f\000\040\000p\000r\000i\000o\000r\000s}{chapter.2}% 13
\BOOKMARK [1][-]{section.2.7}{\376\377\000T\000h\000e\000\040\000r\000e\000f\000e\000r\000e\000n\000c\000e\000\040\000c\000l\000a\000s\000s\000\040\000p\000r\000o\000b\000l\000e\000m}{chapter.2}% 14
\BOOKMARK [1][-]{section.2.8}{\376\377\000N\000o\000n\000-\000p\000r\000o\000b\000a\000b\000i\000l\000i\000s\000t\000i\000c\000\040\000p\000e\000r\000s\000p\000e\000c\000t\000i\000v\000e\000s}{chapter.2}% 15
\BOOKMARK [-1][-]{part.2}{\376\377\000I\000I\000\040\000E\000v\000i\000d\000e\000n\000c\000e\000\040\000a\000s\000s\000e\000s\000s\000m\000e\000n\000t}{}% 16
\BOOKMARK [0][-]{chapter.3}{\376\377\000B\000a\000y\000e\000s\000'\000\040\000T\000h\000e\000o\000r\000e\000m\000\040\000a\000n\000d\000\040\000t\000h\000e\000\040\000u\000s\000u\000a\000l\000\040\000f\000a\000l\000l\000a\000c\000i\000e\000s}{part.2}% 17
\BOOKMARK [1][-]{section.3.1}{\376\377\000A\000s\000s\000u\000m\000i\000n\000g\000\040\000i\000n\000d\000e\000p\000e\000n\000d\000e\000n\000c\000e}{chapter.3}% 18
\BOOKMARK [1][-]{section.3.2}{\376\377\000T\000h\000e\000\040\000p\000r\000o\000s\000e\000c\000u\000t\000o\000r\000'\000s\000\040\000f\000a\000l\000l\000a\000c\000y}{chapter.3}% 19
\BOOKMARK [1][-]{section.3.3}{\376\377\000B\000a\000s\000e\000\040\000r\000a\000t\000e\000\040\000f\000a\000l\000l\000a\000c\000y}{chapter.3}% 20
\BOOKMARK [1][-]{section.3.4}{\376\377\000D\000e\000f\000e\000n\000s\000e\000\040\000a\000t\000t\000o\000r\000n\000e\000y\000'\000s\000\040\000f\000a\000l\000l\000a\000c\000y}{chapter.3}% 21
\BOOKMARK [1][-]{section.3.5}{\376\377\000U\000n\000i\000q\000u\000e\000n\000e\000s\000s\000\040\000f\000a\000l\000l\000a\000c\000y}{chapter.3}% 22
\BOOKMARK [1][-]{section.3.6}{\376\377\000C\000a\000s\000e\000\040\000s\000t\000u\000d\000i\000e\000s}{chapter.3}% 23
\BOOKMARK [0][-]{chapter.4}{\376\377\000C\000o\000m\000p\000l\000i\000c\000a\000t\000i\000o\000n\000s\000\040\000a\000n\000d\000\040\000c\000a\000v\000e\000a\000t\000s}{part.2}% 24
\BOOKMARK [1][-]{section.4.1}{\376\377\000C\000o\000m\000p\000l\000e\000x\000\040\000h\000y\000p\000o\000t\000h\000e\000s\000e\000s\000\040\000a\000n\000d\000\040\000c\000o\000m\000p\000l\000e\000x\000\040\000b\000o\000d\000i\000e\000s\000\040\000o\000f\000\040\000e\000v\000i\000d\000e\000n\000c\000e}{chapter.4}% 25
\BOOKMARK [1][-]{section.4.2}{\376\377\000S\000o\000u\000r\000c\000e\000,\000\040\000a\000c\000t\000i\000v\000i\000t\000y\000\040\000a\000n\000d\000\040\000o\000f\000f\000e\000n\000s\000e\000\040\000l\000e\000v\000e\000l\000\040\000h\000y\000p\000o\000t\000h\000e\000s\000e\000s}{chapter.4}% 26
\BOOKMARK [1][-]{section.4.3}{\376\377\000W\000h\000e\000r\000e\000\040\000d\000o\000\040\000t\000h\000e\000\040\000n\000u\000m\000b\000e\000r\000s\000\040\000c\000o\000m\000e\000\040\000f\000r\000o\000m\000?}{chapter.4}% 27
\BOOKMARK [1][-]{section.4.4}{\376\377\000M\000o\000d\000e\000l\000i\000n\000g\000\040\000c\000o\000r\000r\000o\000b\000o\000r\000a\000t\000i\000o\000n}{chapter.4}% 28
\BOOKMARK [1][-]{section.4.5}{\376\377\000S\000t\000o\000r\000i\000e\000s\000,\000\040\000e\000x\000p\000l\000a\000n\000a\000t\000i\000o\000n\000s\000\040\000a\000n\000d\000\040\000c\000o\000h\000e\000r\000e\000n\000c\000e}{chapter.4}% 29
\BOOKMARK [0][-]{chapter.5}{\376\377\000L\000i\000k\000e\000l\000i\000h\000o\000o\000d\000\040\000R\000a\000t\000i\000o\000s\000\040\000a\000n\000d\000\040\000R\000e\000l\000e\000v\000a\000n\000c\000e}{part.2}% 30
\BOOKMARK [1][-]{section.5.1}{\376\377\000O\000d\000d\000s\000\040\000v\000e\000r\000s\000i\000o\000n\000\040\000o\000f\000\040\000B\000a\000y\000e\000s\000'\000\040\000t\000h\000e\000o\000r\000e\000m}{chapter.5}% 31
\BOOKMARK [1][-]{section.5.2}{\376\377\000B\000a\000y\000e\000s\000i\000a\000n\000\040\000f\000a\000c\000t\000o\000r\000\040\000v\000.\000\040\000l\000i\000k\000e\000l\000i\000h\000o\000o\000d\000\040\000r\000a\000t\000i\000o}{chapter.5}% 32
\BOOKMARK [1][-]{section.5.3}{\376\377\000C\000h\000o\000o\000s\000i\000n\000g\000\040\000c\000o\000m\000p\000e\000t\000i\000n\000g\000\040\000h\000y\000p\000o\000t\000h\000e\000s\000e\000s}{chapter.5}% 33
\BOOKMARK [1][-]{section.5.4}{\376\377\000T\000h\000e\000\040\000t\000w\000o\000-\000s\000t\000a\000i\000n\000\040\000p\000r\000o\000b\000l\000e\000m}{chapter.5}% 34
\BOOKMARK [1][-]{section.5.5}{\376\377\000C\000a\000s\000e\000\040\000s\000t\000u\000d\000y\000:\000\040\000c\000o\000l\000d\000-\000h\000i\000t\000\040\000D\000N\000A\000\040\000m\000a\000t\000c\000h\000\040\000e\000v\000a\000l\000u\000a\000t\000i\000o\000n}{chapter.5}% 35
\BOOKMARK [0][-]{chapter.6}{\376\377\000B\000a\000y\000e\000s\000i\000a\000n\000\040\000N\000e\000t\000w\000o\000r\000k\000s}{part.2}% 36
\BOOKMARK [1][-]{section.6.1}{\376\377\000B\000a\000y\000e\000s\000i\000a\000n\000\040\000n\000e\000t\000w\000o\000r\000k\000s\000\040\000t\000o\000\040\000t\000h\000e\000\040\000r\000e\000s\000c\000u\000e}{chapter.6}% 37
\BOOKMARK [1][-]{section.6.2}{\376\377\000L\000e\000g\000a\000l\000\040\000e\000v\000i\000d\000e\000n\000c\000e\000\040\000i\000d\000i\000o\000m\000s}{chapter.6}% 38
\BOOKMARK [1][-]{section.6.3}{\376\377\000S\000c\000e\000n\000a\000r\000i\000o\000\040\000i\000d\000i\000o\000m\000s}{chapter.6}% 39
\BOOKMARK [1][-]{section.6.4}{\376\377\000M\000o\000d\000e\000l\000i\000n\000g\000\040\000r\000e\000l\000e\000v\000a\000n\000c\000e}{chapter.6}% 40
\BOOKMARK [1][-]{section.6.5}{\376\377\000C\000a\000s\000e\000\040\000s\000t\000u\000d\000y\000:\000\040\000S\000a\000l\000l\000y\000\040\000C\000l\000a\000r\000k}{chapter.6}% 41
\BOOKMARK [1][-]{section.6.6}{\376\377\000D\000N\000A\000\040\000e\000v\000i\000d\000e\000n\000c\000e}{chapter.6}% 42
\BOOKMARK [0][-]{chapter.7}{\376\377\000C\000o\000r\000r\000o\000b\000o\000r\000a\000t\000i\000o\000n}{part.2}% 43
\BOOKMARK [1][-]{section.7.1}{\376\377\000B\000o\000o\000l\000e\000'\000s\000\040\000f\000o\000r\000m\000u\000l\000a\000\040\000a\000n\000d\000\040\000C\000o\000h\000e\000n\000'\000s\000\040\000c\000h\000a\000l\000l\000e\000n\000g\000e}{chapter.7}% 44
\BOOKMARK [1][-]{section.7.2}{\376\377\000M\000o\000d\000e\000l\000i\000n\000g\000\040\000s\000u\000b\000s\000t\000a\000n\000t\000i\000a\000l\000\040\000r\000i\000s\000e\000\040\000i\000n\000\040\000c\000a\000s\000e\000\040\000o\000f\000\040\000a\000g\000r\000e\000e\000m\000e\000n\000t}{chapter.7}% 45
\BOOKMARK [1][-]{section.7.3}{\376\377\000E\000k\000e\000l\000\366\000f\000'\000s\000\040\000c\000o\000r\000r\000o\000b\000o\000r\000a\000t\000i\000o\000n\000\040\000m\000e\000a\000s\000u\000r\000e\000\040\000a\000n\000d\000\040\000e\000v\000i\000d\000e\000n\000t\000i\000a\000r\000y\000\040\000m\000e\000c\000h\000a\000n\000i\000s\000m\000s}{chapter.7}% 46
\BOOKMARK [1][-]{section.7.4}{\376\377\000G\000e\000n\000e\000r\000a\000l\000\040\000a\000p\000p\000r\000o\000a\000c\000h\000\040\000w\000i\000t\000h\000\040\000m\000u\000l\000t\000i\000p\000l\000e\000\040\000f\000a\000l\000s\000e\000\040\000s\000t\000o\000r\000i\000e\000s\000\040\000a\000n\000d\000\040\000m\000u\000l\000t\000i\000p\000l\000e\000\040\000w\000i\000t\000n\000e\000s\000s\000e\000s}{chapter.7}% 47
\BOOKMARK [0][-]{chapter.8}{\376\377\000C\000o\000h\000e\000r\000e\000n\000c\000e}{part.2}% 48
\BOOKMARK [1][-]{section.8.1}{\376\377\000E\000x\000i\000s\000t\000i\000n\000g\000\040\000p\000r\000o\000b\000a\000b\000i\000l\000i\000s\000t\000i\000c\000\040\000c\000o\000h\000e\000r\000e\000n\000c\000e\000\040\000m\000e\000a\000s\000u\000r\000e\000s}{chapter.8}% 49
\BOOKMARK [1][-]{section.8.2}{\376\377\000A\000n\000\040\000a\000r\000r\000a\000y\000\040\000o\000f\000\040\000c\000o\000u\000n\000t\000e\000r\000e\000x\000a\000m\000p\000l\000e\000s}{chapter.8}% 50
\BOOKMARK [1][-]{section.8.3}{\376\377\000C\000o\000h\000e\000r\000e\000n\000c\000e\000\040\000o\000f\000\040\000s\000t\000r\000u\000c\000t\000u\000r\000e\000d\000\040\000n\000a\000r\000r\000a\000t\000i\000o\000n\000s\000\040\000w\000i\000t\000h\000\040\000B\000a\000y\000e\000s\000i\000a\000n\000\040\000n\000e\000t\000w\000o\000r\000k\000s}{chapter.8}% 51
\BOOKMARK [1][-]{section.8.4}{\376\377\000A\000p\000p\000l\000i\000c\000a\000t\000i\000o\000n\000\040\000t\000o\000\040\000l\000e\000g\000a\000l\000\040\000c\000a\000s\000e\000s}{chapter.8}% 52
\BOOKMARK [0][-]{chapter.9}{\376\377\000N\000e\000w\000\040\000l\000e\000g\000a\000l\000\040\000p\000r\000o\000b\000a\000b\000i\000l\000i\000s\000m}{part.2}% 53
\BOOKMARK [1][-]{section.9.1}{\376\377\000D\000e\000s\000i\000d\000e\000r\000a\000t\000a}{chapter.9}% 54
\BOOKMARK [1][-]{section.9.2}{\376\377\000A\000\040\000p\000r\000o\000b\000a\000b\000i\000l\000i\000s\000t\000i\000c\000\040\000f\000r\000a\000m\000e\000w\000o\000r\000k\000\040\000f\000o\000r\000\040\000n\000a\000r\000r\000a\000t\000i\000o\000n\000s}{chapter.9}% 55
\BOOKMARK [1][-]{section.9.3}{\376\377\000P\000r\000o\000b\000a\000b\000i\000l\000i\000s\000t\000i\000c\000\040\000e\000x\000p\000l\000i\000c\000a\000t\000i\000o\000n\000s\000\040\000o\000f\000\040\000t\000h\000e\000\040\000d\000e\000s\000i\000d\000e\000r\000a\000t\000a}{chapter.9}% 56
\BOOKMARK [1][-]{section.9.4}{\376\377\000B\000a\000y\000e\000s\000i\000a\000n\000\040\000n\000e\000t\000w\000o\000r\000k\000\040\000i\000m\000p\000l\000e\000m\000e\000n\000t\000a\000t\000i\000o\000n}{chapter.9}% 57
\BOOKMARK [-1][-]{part.3}{\376\377\000I\000I\000I\000\040\000T\000r\000i\000a\000l\000\040\000D\000e\000c\000i\000s\000i\000o\000n\000s}{}% 58
\BOOKMARK [0][-]{chapter.10}{\376\377\000T\000h\000e\000\040\000f\000u\000n\000c\000t\000i\000o\000n\000s\000\040\000o\000f\000\040\000t\000h\000e\000\040\000p\000r\000o\000o\000f\000\040\000s\000t\000a\000n\000d\000a\000r\000d\000s}{part.3}% 59
\BOOKMARK [1][-]{section.10.1}{\376\377\000C\000o\000n\000c\000e\000p\000t\000u\000a\000l\000\040\000d\000e\000s\000i\000d\000e\000r\000a\000t\000a}{chapter.10}% 60
\BOOKMARK [1][-]{section.10.2}{\376\377\000P\000r\000o\000t\000e\000c\000t\000i\000n\000g\000\040\000d\000e\000f\000e\000n\000d\000a\000n\000t\000s}{chapter.10}% 61
\BOOKMARK [1][-]{section.10.3}{\376\377\000E\000r\000r\000o\000r\000\040\000r\000e\000d\000u\000c\000t\000i\000o\000n\000\040\000a\000n\000d\000\040\000e\000r\000r\000o\000r\000\040\000d\000i\000s\000t\000r\000i\000b\000u\000t\000i\000o\000n\000/\000a\000l\000l\000o\000c\000a\000t\000i\000o\000n}{chapter.10}% 62
\BOOKMARK [1][-]{section.10.4}{\376\377\000D\000i\000s\000p\000u\000t\000e\000\040\000r\000e\000s\000o\000l\000u\000t\000i\000o\000n\000\040\000a\000n\000d\000\040\000p\000u\000b\000l\000i\000c\000\040\000d\000e\000f\000e\000r\000e\000n\000c\000e}{chapter.10}% 63
\BOOKMARK [1][-]{section.10.5}{\376\377\000J\000u\000s\000t\000i\000f\000i\000c\000a\000t\000i\000o\000n\000\040\000a\000n\000d\000\040\000a\000n\000s\000w\000e\000r\000a\000b\000i\000l\000i\000t\000y}{chapter.10}% 64
\BOOKMARK [0][-]{chapter.11}{\376\377\000S\000t\000a\000n\000d\000a\000r\000d\000s\000\040\000o\000f\000\040\000p\000r\000o\000o\000f}{part.3}% 65
\BOOKMARK [1][-]{section.11.1}{\376\377\000L\000e\000g\000a\000l\000\040\000b\000a\000c\000k\000g\000r\000o\000u\000n\000d}{chapter.11}% 66
\BOOKMARK [1][-]{section.11.2}{\376\377\000P\000r\000o\000b\000a\000b\000i\000l\000i\000s\000t\000i\000c\000\040\000t\000h\000r\000e\000s\000h\000o\000l\000d\000s}{chapter.11}% 67
\BOOKMARK [1][-]{section.11.3}{\376\377\000T\000h\000e\000o\000r\000e\000t\000i\000c\000a\000l\000\040\000d\000i\000f\000f\000i\000c\000u\000l\000t\000i\000i\000e\000s}{chapter.11}% 68
\BOOKMARK [1][-]{section.11.4}{\376\377\000L\000i\000k\000e\000l\000i\000h\000o\000o\000d\000\040\000a\000p\000p\000r\000o\000a\000c\000h}{chapter.11}% 69
\BOOKMARK [1][-]{section.11.5}{\376\377\000T\000h\000e\000\040\000d\000i\000f\000f\000i\000c\000u\000l\000t\000i\000e\000s\000\040\000p\000e\000r\000i\000s\000t}{chapter.11}% 70
\BOOKMARK [1][-]{section.11.6}{\376\377\000B\000a\000y\000e\000s\000i\000a\000n\000\040\000n\000e\000t\000w\000o\000r\000k\000s\000\040\000a\000n\000d\000\040\000p\000r\000o\000b\000a\000b\000i\000l\000i\000s\000t\000i\000c\000\040\000s\000t\000a\000n\000d\000a\000r\000d\000\040\000o\000f\000\040\000p\000r\000o\000o\000f}{chapter.11}% 71
\BOOKMARK [0][-]{chapter.12}{\376\377\000A\000c\000c\000u\000r\000a\000c\000y\000\040\000a\000n\000d\000\040\000t\000h\000e\000\040\000r\000i\000s\000k\000\040\000o\000f\000\040\000e\000r\000r\000o\000r}{part.3}% 72
\BOOKMARK [1][-]{section.12.1}{\376\377\000M\000i\000n\000i\000m\000i\000z\000i\000n\000g\000\040\000e\000x\000p\000e\000c\000t\000e\000d\000\040\000c\000o\000s\000t\000s}{chapter.12}% 73
\BOOKMARK [1][-]{section.12.2}{\376\377\000M\000i\000n\000i\000m\000i\000z\000i\000n\000g\000\040\000e\000x\000p\000e\000c\000t\000e\000d\000\040\000e\000r\000r\000o\000r\000s}{chapter.12}% 74
\BOOKMARK [1][-]{section.12.3}{\376\377\000E\000x\000p\000e\000c\000t\000e\000d\000\040\000v\000.\000\040\000a\000c\000t\000u\000a\000l\000\040\000e\000r\000r\000o\000r\000s}{chapter.12}% 75
\BOOKMARK [1][-]{section.12.4}{\376\377\000C\000o\000m\000p\000e\000t\000i\000n\000g\000\040\000a\000c\000c\000o\000u\000n\000t\000s\000\040\000o\000f\000\040\000t\000h\000e\000\040\000r\000i\000s\000k\000\040\000o\000f\000\040\000e\000r\000r\000o\000r}{chapter.12}% 76
\BOOKMARK [1][-]{section.12.5}{\376\377\000B\000a\000y\000e\000s\000i\000a\000n\000\040\000n\000e\000t\000w\000o\000r\000k\000s\000\040\000a\000n\000d\000\040\000t\000h\000e\000\040\000r\000i\000s\000k\000\040\000o\000f\000\040\000e\000r\000r\000o\000r}{chapter.12}% 77
\BOOKMARK [0][-]{chapter.13}{\376\377\000F\000a\000i\000r\000n\000e\000s\000s\000\040\000i\000n\000\040\000t\000r\000i\000a\000l\000\040\000d\000e\000c\000i\000s\000i\000o\000n\000s}{part.3}% 78
\BOOKMARK [1][-]{section.13.1}{\376\377\000P\000r\000o\000c\000e\000d\000u\000r\000a\000l\000\040\000v\000.\000\040\000s\000u\000b\000s\000t\000a\000n\000t\000i\000v\000e\000\040\000f\000a\000i\000r\000n\000e\000s\000s}{chapter.13}% 79
\BOOKMARK [1][-]{section.13.2}{\376\377\000C\000o\000m\000p\000e\000t\000i\000n\000g\000\040\000m\000e\000a\000s\000u\000r\000e\000s\000\040\000o\000f\000\040\000s\000u\000b\000s\000t\000a\000n\000t\000i\000v\000e\000\040\000f\000a\000i\000r\000n\000e\000s\000s}{chapter.13}% 80
\BOOKMARK [1][-]{section.13.3}{\376\377\000B\000a\000y\000e\000s\000i\000a\000n\000\040\000n\000e\000t\000w\000o\000r\000k\000s\000\040\000a\000n\000d\000\040\000f\000a\000i\000r\000n\000e\000s\000s\000s}{chapter.13}% 81
\BOOKMARK [-1][-]{part.4}{\376\377\000I\000V\000\040\000P\000u\000t\000t\000i\000n\000g\000\040\000i\000t\000\040\000a\000l\000l\000\040\000t\000o\000g\000e\000t\000h\000e\000r}{}% 82
\BOOKMARK [0][-]{chapter.14}{\376\377\000A\000l\000t\000e\000r\000n\000a\000t\000i\000v\000e\000\040\000a\000c\000c\000o\000u\000n\000t\000s\000\040\000a\000n\000d\000\040\000l\000e\000g\000a\000l\000\040\000p\000r\000o\000b\000a\000b\000i\000l\000i\000s\000m}{part.4}% 83
\BOOKMARK [1][-]{section.14.1}{\376\377\000B\000a\000c\000o\000n\000i\000a\000n\000\040\000p\000r\000o\000b\000a\000b\000i\000l\000i\000t\000y}{chapter.14}% 84
\BOOKMARK [1][-]{section.14.2}{\376\377\000R\000e\000l\000a\000t\000i\000v\000e\000\040\000P\000l\000a\000u\000s\000i\000b\000i\000l\000i\000t\000y}{chapter.14}% 85
\BOOKMARK [1][-]{section.14.3}{\376\377\000A\000r\000g\000u\000m\000e\000n\000t\000s}{chapter.14}% 86
\BOOKMARK [1][-]{section.14.4}{\376\377\000S\000e\000n\000s\000i\000t\000i\000v\000i\000t\000y}{chapter.14}% 87
\BOOKMARK [1][-]{section.14.5}{\376\377\000N\000o\000r\000m\000i\000c\000\040\000S\000u\000p\000p\000o\000r\000t}{chapter.14}% 88
\BOOKMARK [1][-]{section.14.6}{\376\377\000J\000u\000s\000t\000i\000f\000i\000c\000a\000t\000i\000o\000n\000/\000f\000o\000u\000n\000d\000h\000e\000r\000e\000n\000t\000i\000s\000m}{chapter.14}% 89
\BOOKMARK [1][-]{section.14.7}{\376\377\000C\000o\000m\000p\000l\000e\000t\000e\000n\000e\000s\000s}{chapter.14}% 90
\BOOKMARK [1][-]{section.14.8}{\376\377\000R\000e\000l\000e\000v\000a\000n\000t\000\040\000a\000l\000t\000e\000r\000n\000a\000t\000i\000v\000e\000s}{chapter.14}% 91
\BOOKMARK [1][-]{section.14.9}{\376\377\000K\000n\000o\000w\000l\000e\000d\000g\000e}{chapter.14}% 92
\BOOKMARK [0][-]{chapter.15}{\376\377\000C\000o\000n\000c\000l\000u\000s\000i\000o\000n\000s}{part.4}% 93
\BOOKMARK [0][-]{chapter*.13}{\376\377\000P\000r\000e\000f\000a\000c\000e}{part.4}% 94
\BOOKMARK [0][-]{chapter.16}{\376\377\000I\000n\000t\000r\000o\000d\000u\000c\000t\000i\000o\000n}{part.4}% 95
