\BOOKMARK [1][-]{section.1}{\376\377\000S\000A\000M\000P\000L\000E\000\040\000C\000H\000A\000P\000T\000E\000R\000\040\000-\000\040\000I\000n\000t\000r\000o\000d\000u\000c\000t\000i\000o\000n}{}% 1
\BOOKMARK [1][-]{section.2}{\376\377\000L\000e\000g\000a\000l\000\040\000B\000a\000c\000k\000g\000r\000o\000u\000n\000d}{}% 2
\BOOKMARK [2][-]{subsection.2.1}{\376\377\000B\000u\000r\000d\000e\000n\000\040\000o\000f\000\040\000p\000l\000e\000a\000d\000i\000n\000g\000,\000\040\000p\000r\000o\000d\000u\000c\000t\000i\000o\000n\000\040\000a\000n\000d\000\040\000p\000e\000r\000s\000u\000a\000s\000i\000o\000n}{section.2}% 3
\BOOKMARK [2][-]{subsection.2.2}{\376\377\000P\000r\000o\000o\000f\000\040\000s\000t\000a\000n\000d\000a\000r\000d\000s\000\040\000i\000n\000\040\000t\000h\000e\000\040\000l\000a\000w}{section.2}% 4
\BOOKMARK [1][-]{section.3}{\376\377\000P\000r\000o\000b\000a\000b\000i\000l\000i\000s\000t\000i\000c\000\040\000T\000h\000r\000e\000s\000h\000o\000l\000d\000s}{}% 5
\BOOKMARK [2][-]{subsection.3.1}{\376\377\000P\000o\000s\000t\000e\000r\000i\000o\000r\000\040\000p\000r\000o\000b\000a\000b\000i\000l\000i\000t\000y\000\040\000\050\000K\000a\000p\000l\000a\000n\000,\000\040\000K\000a\000y\000e\000,\000\040\000e\000t\000c\000.\000\051}{section.3}% 6
\BOOKMARK [2][-]{subsection.3.2}{\376\377\000I\000n\000t\000e\000r\000v\000a\000l\000\040\000t\000h\000r\000e\000s\000h\000o\000l\000d\000s\000\040\000\050\000F\000i\000n\000k\000e\000l\000s\000t\000e\000i\000n\000\051}{section.3}% 7
\BOOKMARK [2][-]{subsection.3.3}{\376\377\000C\000o\000m\000p\000a\000r\000a\000t\000i\000v\000e\000\040\000\050\000C\000h\000e\000n\000g\000\051}{section.3}% 8
\BOOKMARK [2][-]{subsection.3.4}{\376\377\000L\000i\000k\000e\000l\000i\000h\000o\000o\000d\000\040\000r\000a\000t\000i\000o\000\040\000\050\000D\000a\000w\000i\000d\000,\000\040\000K\000a\000p\000l\000o\000w\000,\000\040\000S\000u\000l\000l\000i\000v\000a\000n\000\051}{section.3}% 9
\BOOKMARK [2][-]{subsection.3.5}{\376\377\000K\000a\000p\000l\000o\000w\000'\000s\000\040\000s\000t\000u\000f\000f}{section.3}% 10
\BOOKMARK [2][-]{subsection.3.6}{\376\377\000p\000-\000v\000a\000l\000u\000e\000\040\000\050\000C\000h\000e\000n\000g\000?\000\051}{section.3}% 11
\BOOKMARK [1][-]{section.4}{\376\377\000C\000h\000a\000l\000l\000e\000n\000g\000e\000s}{}% 12
\BOOKMARK [2][-]{subsection.4.1}{\376\377\000P\000r\000a\000c\000t\000i\000c\000a\000l\000\040\000a\000n\000d\000\040\000d\000e\000s\000c\000r\000i\000p\000t\000i\000v\000e\000\040\000c\000h\000a\000l\000l\000e\000n\000g\000e\000s}{section.4}% 13
\BOOKMARK [2][-]{subsection.4.2}{\376\377\000N\000a\000k\000e\000d\000\040\000S\000t\000a\000t\000i\000s\000t\000i\000c\000a\000l\000\040\000E\000v\000i\000d\000e\000n\000c\000e}{section.4}% 14
\BOOKMARK [2][-]{subsection.4.3}{\376\377\000C\000o\000n\000j\000u\000c\000t\000i\000o\000n\000\040\000P\000a\000r\000a\000d\000o\000x}{section.4}% 15
\BOOKMARK [1][-]{section.5}{\376\377\000P\000r\000o\000b\000l\000e\000m\000s\000\040\000r\000e\000m\000a\000i\000n}{}% 16
\BOOKMARK [2][-]{subsection.5.1}{\376\377\000D\000a\000w\000i\000d\000'\000s\000\040\000l\000i\000k\000e\000l\000i\000h\000o\000o\000d\000\040\000s\000t\000r\000a\000t\000e\000g\000y\000\040\000d\000o\000e\000s\000n\000'\000t\000\040\000h\000e\000l\000p}{section.5}% 17
\BOOKMARK [2][-]{subsection.5.2}{\376\377\000P\000r\000o\000b\000l\000e\000m\000s\000\040\000w\000i\000t\000h\000\040\000C\000h\000e\000n\000g\000'\000s\000\040\000r\000e\000l\000a\000t\000i\000v\000e\000\040\000l\000i\000k\000e\000l\000i\000h\000o\000o\000d}{section.5}% 18
\BOOKMARK [2][-]{subsection.5.3}{\376\377\000P\000r\000o\000b\000l\000e\000m\000'\000s\000\040\000w\000i\000t\000h\000\040\000K\000a\000p\000l\000o\000w\000'\000s\000\040\000s\000t\000u\000f\000f}{section.5}% 19
\BOOKMARK [1][-]{section.6}{\376\377\000P\000r\000o\000b\000a\000b\000i\000l\000i\000s\000t\000i\000c\000\040\000T\000h\000r\000e\000s\000h\000o\000l\000d\000s\000\040\000R\000e\000v\000i\000s\000e\000d}{}% 20
\BOOKMARK [2][-]{subsection.6.1}{\376\377\000L\000i\000k\000e\000l\000i\000h\000o\000o\000d\0