\BOOKMARK [1][-]{section.1}{\376\377\000S\000A\000M\000P\000L\000E\000\040\000C\000H\000A\000P\000E\000T\000R\000\040\000T\000I\000T\000L\000E\000\040\000-\000\040\000P\000r\000o\000b\000a\000b\000i\000l\000i\000t\000y\000\040\000T\000h\000r\000e\000s\000h\000o\000l\000d\000s\000\040\000a\000s\000\040\000A\000n\000a\000l\000y\000t\000i\000c\000a\000l\000\040\000M\000o\000d\000e\000l\000s\000\040\000o\000f\000\040\000T\000r\000i\000a\000l\000\040\000D\000e\000c\000i\000s\000i\000o\000n\000\040\000M\000a\000k\000i\000n\000g}{}% 1
\BOOKMARK [1][-]{section.2}{\376\377\000I\000n\000t\000r\000o\000d\000u\000c\000t\000i\000o\000n}{}% 2
\BOOKMARK [1][-]{section.3}{\376\377\000P\000r\000o\000b\000a\000b\000i\000l\000i\000t\000y\000\040\000t\000h\000r\000e\000s\000h\000o\000l\000d\000s}{}% 3
\BOOKMARK [2][-]{subsection.3.1}{\376\377\000T\000h\000e\000\040\000b\000a\000s\000i\000c\000\040\000i\000d\000e\000a}{section.3}% 4
\BOOKMARK [2][-]{subsection.3.2}{\376\377\000M\000i\000x\000e\000d\000\040\000r\000e\000a\000c\000t\000i\000o\000n\000s\000\040\000f\000r\000o\000m\000\040\000l\000e\000g\000a\000l\000\040\000p\000r\000a\000c\000t\000i\000t\000i\000o\000n\000e\000r\000s}{section.3}% 5
\BOOKMARK [2][-]{subsection.3.3}{\376\377\000I\000m\000p\000l\000e\000m\000e\000n\000t\000a\000t\000i\000o\000n\000\040\000a\000n\000d\000\040\000i\000d\000e\000a\000l\000i\000z\000a\000t\000i\000o\000n}{section.3}% 6
\BOOKMARK [2][-]{subsection.3.4}{\376\377\000M\000i\000n\000i\000m\000i\000z\000i\000n\000g\000\040\000e\000x\000p\000e\000c\000t\000e\000d\000\040\000c\000o\000s\000t\000s\000:\000\040\000h\000i\000g\000h\000e\000r\000\040\000c\000o\000s\000t\000\040\000r\000a\000t\000i\000o\000,\000\040\000h\000i\000g\000h\000e\000r\000\040\000t\000h\000r\000e\000s\000h\000o\000l\000d}{section.3}% 7
\BOOKMARK [2][-]{subsection.3.5}{\376\377\000B\000e\000y\000o\000n\000d\000\040\000j\000u\000s\000t\000\040\000c\000o\000s\000t\000s\000:\000\040\000t\000h\000e\000\040\000b\000e\000n\000e\000f\000i\000t\000s\000\040\000o\000f\000\040\000c\000o\000r\000r\000e\000c\000t\000\040\000d\000e\000c\000i\000s\000i\000o\000n\000s}{section.3}% 8
\BOOKMARK [2][-]{subsection.3.6}{\376\377\000S\000U\000G\000G\000E\000S\000T\000I\000O\000N}{section.3}% 9
\BOOKMARK [2][-]{subsection.3.7}{\376\377\000M\000i\000n\000i\000m\000i\000z\000i\000n\000g\000\040\000o\000v\000e\000r\000a\000l\000l\000\040\000e\000r\000r\000o\000r\000s}{section.3}% 10
\BOOKMARK [2][-]{subsection.3.8}{\376\377\000I\000n\000t\000e\000r\000v\000a\000l\000\040\000t\000h\000r\000e\000s\000h\000o\000l\000d\000s\000\040\000\050\000F\000i\000n\000k\000e\000l\000s\000t\000e\000i\000n\000\051}{section.3}% 11
\BOOKMARK [1][-]{section.4}{\376\377\000T\000h\000e\000o\000r\000e\000t\000i\000c\000a\000l\000\040\000c\000h\000a\000l\000l\000e\000n\000g\000e\000s\000\040\000-\000\040\000N\000E\000W\000\040\000C\000H\000A\000P\000T\000E\000R\000\040\000W\000O\000U\000L\000D\000\040\000S\000T\000A\000T\000R\000T\000\040\000H\000E\000R\000E}{}% 12
\BOOKMARK [2][-]{subsection.4.1}{\376\377\000T\000h\000e\000\040\000p\000r\000o\000b\000l\000e\000m\000\040\000o\000f\000\040\000p\000r\000i\000o\000r\000s}{section.4}% 13
\BOOKMARK [2][-]{subsection.4.2}{\376\377\000N\000a\000k\000e\000d\000\040\000s\000t\000a\000t\000i\000s\000t\000i\000c\000a\000l\000\040\000e\000v\000i\000d\000e\000n\000c\000e}{section.4}% 14
\BOOKMARK [1][-]{section.5}{\376\377\000C\000o\000n\000j\000u\000c\000t\000i\000o\000n\000\040\000p\000a\000r\000a\000d\000o\000x\000\040\040\023\000\040\000N\000E\000W\000\040\000C\000H\000A\000P\000T\000E\000R\000\040\000H\000E\000R\000E\000\040\000D\000E\000V\000O\000T\000E\000D\000\040\000T\000O\000\040\000P\000R\000O\000B\000A\000B\000I\000L\000I\000T\000Y\000\040\000B\000A\000S\000E\000D\000\040\000S\000O\000L\000U\000T\000I\000O\000N\000S}{}% 15
\BOOKMARK [2][-]{subsection.5.1}{\376\377\000T\000h\000e\000\040\000p\000r\000o\000b\000l\000e\000m}{section.5}% 16
\BOOKMARK [2][-]{subsection.5.2}{\376\377\000A\000\040\000c\000l\000o\000s\000e\000r\000\040\000l\000o\000o\000k\000\040\000a\000t\000\040\000t\000h\000e\000\040\000c\000o\000n\000j\000u\000n\000c\000t\000i\000o\000n\000\040\000p\000r\000i\000n\000c\000i\000p\000l\000e}{section.5}% 17
\BOOKMARK [2][-]{subsection.5.3}{\376\377\000A\000g\000g\000r\000e\000g\000a\000t\000i\000n\000g\000\040\000h\000y\000p\000o\000t\000h\000e\000s\000e\000s\000\040\000a\000n\000d\000\040\000e\000v\000i\000d\000e\000n\000c\000e}{section.5}% 18
\BOOKMARK [2][-]{subsection.5.4}{\376\377\000B\000a\000y\000e\000s\000\040\000f\000a\000c\000t\000o\000r\000\040\000t\000h\000r\000e\000s\000h\000o\000l\000d}{section.5}% 19
\BOOKMARK [2][-]{subsection.5.5}{\376\377\000L\000i\000k\000e\000l\000i\000h\000o\000o\000d\000\040\000r\000a\000t\000i\000o\000\040\000t\000h\000r\000e\000s\000h\000o\000l\000d}{section.5}% 20
\BOOKMARK [2][-]{subsection.5.6}{\376\377\000T\000h\000e\000\040\000c\000o\000m\000p\000a\000r\000a\000t\000i\000v\000e\000\040\000s\000t\000r\000a\000t\000g\000e\000y}{section.5}% 21
\BOOKMARK [2][-]{subsection.5.7}{\376\377\000R\000e\000j\000e\000c\000t\000i\000n\000g\000\040\000t\000h\000e\000\040\000c\000o\000n\000j\000u\000n\000c\000t\000i\000o\000n\000\040\000p\000r\000i\000n\000c\000i\000p\000l\000e\000?}{section.5}% 22
\BOOKMARK [2][-]{subsection.5.8}{\376\377\000S\000p\000e\000c\000i\000f\000i\000c\000\040\000N\000a\000r\000r\000a\000t\000i\000v\000e\000s\000\040\000[\000I\000D\000E\000A\000S\000\040\000O\000F\000\040\000A\000\040\000S\000O\000L\000U\000T\000I\000O\000N\000]}{section.5}% 23
\BOOKMARK [1][-]{section.6}{\376\377\000T\000h\000e\000\040\000l\000i\000k\000e\000l\000i\000h\000o\000o\000d\000\040\000s\000t\000r\000a\000t\000e\000g\000y}{}% 24
\BOOKMARK [2][-]{subsection.6.1}{\376\377\000K\000a\000p\000l\000o\000w}{section.6}% 25
\BOOKMARK [2][-]{subsection.6.2}{\376\377\000D\000a\000w\000i\000d}{section.6}% 26
\BOOKMARK [2][-]{subsection.6.3}{\376\377\000L\000i\000k\000e\000l\000i\000h\000o\000o\000d\000\040\000a\000n\000d\000\040\000D\000A\000C}{section.6}% 27
\BOOKMARK [2][-]{subsection.6.4}{\376\377\000K\000a\000p\000l\000o\000w}{section.6}% 28
\BOOKMARK [1][-]{section.7}{\376\377\000C\000h\000a\000l\000l\000e\000n\000g\000e\000s\000\040\000\050\000a\000g\000a\000i\000n\000\051}{}% 29
\BOOKMARK [2][-]{subsection.7.1}{\376\377\000L\000i\000k\000e\000l\000i\000h\000o\000o\000d\000\040\000r\000a\000t\000i\000o\000\040\000a\000n\000d\000\040\000t\000h\000e\000\040\000p\000r\000o\000b\000l\000e\000m\000\040\000o\000f\000\040\000t\000h\000e\000\040\000p\000r\000i\000o\000r\000s}{section.7}% 30
\BOOKMARK [2][-]{subsection.7.2}{\376\377\000D\000a\000w\000i\000d\000'\000s\000\040\000l\000i\000k\000e\000l\000i\000h\000o\000o\000d\000\040\000s\000t\000r\000a\000t\000e\000g\000y\000\040\000d\000o\000e\000s\000n\000'\000t\000\040\000h\000e\000l\000p}{section.7}% 31
\BOOKMARK [2][-]{subsection.7.3}{\376\377\000P\000r\000o\000b\000l\000e\000m\000'\000s\000\040\000w\000i\000t\000h\000\040\000K\000a\000p\000l\000o\000w\000'\000s\000\040\000s\000t\000u\000f\000f}{section.7}% 32
\BOOKMARK [1][-]{section.8}{\376\377\000P\000r\000o\000b\000a\000b\000i\000l\000i\000s\000t\000i\000c\000\040\000T\000h\000r\000e\000s\000h\000o\000l\000d\000s\000\040\000R\000e\000v\000i\000s\000e\000d}{}% 33
\BOOKMARK [2][-]{subsection.8.1}{\376\377\000L\000i\000k\000e\000l\000i\000h\000o\000o\000d\000\040\000r\000a\000t\000i\000o\000s\000\040\000a\000n\000d\000\040\000n\000a\000k\000e\000d\000\040\000s\000t\000a\000t\000i\000s\000t\000i\000c\000a\000l\000\040\000e\000v\000i\000d\000e\000n\000c\000e}{section.8}% 34
\BOOKMARK [2][-]{subsection.8.2}{\376\377\000C\000o\000n\000j\000u\000n\000c\000t\000i\000o\000n\000\040\000p\000a\000r\000a\000d\000o\000x\000\040\000a\000n\000d\000\040\000B\000a\000y\000e\000s\000i\000a\000n\000\040\000n\000e\000t\000w\000o\000r\000k\000s}{section.8}% 35
\BOOKMARK [1][-]{section.9}{\376\377\000C\000o\000n\000c\000l\000u\000s\000i\000o\000n\000s}{}% 36
\BOOKMARK [1][-]{section*.56}{\376\377\000R\000e\000f\000e\000r\000e\000n\000c\000e\000s}{}% 37
