\BOOKMARK [1][-]{section.1}{\376\377\000T\000h\000e\000\040\000p\000r\000o\000b\000l\000e\000m}{}% 1
\BOOKMARK [2][-]{subsection.1.1}{\376\377\000T\000h\000e\000\040\000C\000o\000n\000j\000u\000n\000c\000t\000i\000o\000n\000\040\000P\000r\000i\000n\000c\000i\000p\000l\000e}{section.1}% 2
\BOOKMARK [2][-]{subsection.1.2}{\376\377\000P\000r\000o\000b\000a\000b\000i\000l\000i\000s\000t\000i\000c\000\040\000\050\000i\000n\000\051\000d\000e\000p\000e\000n\000d\000e\000n\000c\000i\000e\000s\000\040\000a\000n\000d\000\040\000B\000a\000y\000e\000s\000i\000a\000n\000\040\000n\000e\000t\000w\000o\000r\000k\000s\000\040\000u\000s\000e\000d}{section.1}% 3
\BOOKMARK [2][-]{subsection.1.3}{\376\377\000C\000o\000n\000j\000u\000n\000c\000t\000i\000o\000n\000\040\000p\000r\000i\000n\000c\000i\000p\000l\000e\000\040\000w\000i\000t\000h\000\040\000h\000y\000p\000o\000t\000h\000e\000s\000e\000s\000\040\000a\000n\000d\000\040\000e\000v\000i\000d\000e\000n\000c\000e}{section.1}% 4
\BOOKMARK [1][-]{section.2}{\376\377\000E\000v\000i\000d\000e\000n\000t\000i\000a\000l\000\040\000S\000t\000r\000e\000n\000g\000t\000h\000\040\000a\000p\000p\000r\000o\000a\000c\000h\000\040\000t\000o\000\040\000t\000h\000e\000\040\000c\000o\000n\000j\000u\000n\000c\000t\000i\000o\000n\000\040\000p\000r\000o\000b\000l\000e\000m}{}% 5
\BOOKMARK [2][-]{subsection.2.1}{\376\377\000B\000a\000y\000e\000s\000\040\000f\000a\000c\000t\000o\000r\000\040\000a\000n\000d\000\040\000a\000g\000g\000r\000e\000g\000a\000t\000i\000o\000n}{section.2}% 6
\BOOKMARK [3][-]{subsubsection.2.1.1}{\376\377\000V\000a\000r\000i\000a\000b\000l\000e\000\040\000T\000h\000r\000e\000s\000h\000o\000l\000d}{subsection.2.1}% 7
\BOOKMARK [3][-]{subsubsection.2.1.2}{\376\377\000F\000i\000x\000e\000d\000\040\000T\000h\000r\000e\000s\000h\000o\000l\000d}{subsection.2.1}% 8
\BOOKMARK [2][-]{subsection.2.2}{\376\377\000L\000i\000k\000e\000l\000i\000h\000o\000o\000d\000\040\000r\000a\000t\000i\000o\000\040\000t\000h\000r\000e\000s\000h\000o\000l\000d}{section.2}% 9
\BOOKMARK [3][-]{subsubsection.2.2.1}{\376\377\000A\000g\000g\000r\000e\000g\000a\000t\000i\000n\000g\000\040\000e\000v\000i\000d\000e\000n\000c\000e}{subsection.2.2}% 10
\BOOKMARK [3][-]{subsubsection.2.2.2}{\376\377\000V\000a\000r\000i\000a\000b\000l\000e\000\040\000T\000h\000r\000e\000s\000h\000o\000l\000d}{subsection.2.2}% 11
\BOOKMARK [3][-]{subsubsection.2.2.3}{\376\377\000F\000i\000x\000e\000d\000\040\000T\000h\000r\000e\000s\000h\000o\000l\000d}{subsection.2.2}% 12
\BOOKMARK [2][-]{subsection.2.3}{\376\377\000T\000h\000e\000\040\000c\000o\000m\000p\000a\000r\000a\000t\000i\000v\000e\000\040\000s\000t\000r\000a\000t\000e\000g\000y}{section.2}% 13
\BOOKMARK [1][-]{section.3}{\376\377\000R\000e\000j\000e\000c\000t\000i\000n\000g\000\040\000t\000h\000e\000\040\000C\000o\000n\000j\000u\000n\000c\000t\000i\000o\000n\000\040\000P\000r\000i\000n\000c\000i\000p\000l\000e\000?}{}% 14
\BOOKMARK [2][-]{subsection.3.1}{\376\377\000R\000i\000s\000k\000\040\000A\000c\000c\000u\000m\000u\000l\000a\000t\000i\000o\000n}{section.3}% 15
\BOOKMARK [2][-]{subsection.3.2}{\376\377\000A\000t\000o\000m\000i\000s\000t\000i\000c\000\040\000a\000n\000d\000\040\000H\000o\000l\000i\000s\000t\000i\000c\000\040\000A\000p\000p\000r\000o\000c\000h\000e\000s}{section.3}% 16
\BOOKMARK [2][-]{subsection.3.3}{\376\377\000P\000r\000i\000o\000r\000\040\000P\000r\000o\000b\000a\000b\000i\000l\000i\000t\000i\000e\000s}{section.3}% 17
\BOOKMARK [1][-]{section.4}{\376\377\000T\000h\000e\000\040\000C\000o\000n\000j\000u\000n\000c\000t\000i\000o\000n\000\040\000P\000r\000i\000n\000c\000i\000p\000l\000e\000\040\000I\000s\000\040\000F\000a\000l\000s\000e}{}% 18
\BOOKMARK [2][-]{subsection.4.1}{\376\377\000F\000a\000c\000t\000o\000r\000i\000n\000g\000\040\000O\000u\000t\000\040\000P\000r\000i\000o\000r\000\040\000P\000r\000o\000b\000a\000b\000i\000l\000i\000t\000i\000e\000s}{section.4}% 19
\BOOKMARK [2][-]{subsection.4.2}{\376\377\000W\000e\000a\000k\000e\000r\000\040\000C\000l\000a\000i\000m\000s\000\040\000W\000e\000a\000k\000e\000n\000\040\000S\000e\000n\000s\000i\000t\000i\000v\000i\000t\000y}{section.4}% 20
\BOOKMARK [2][-]{subsection.4.3}{\376\377\000B\000u\000t\000\040\000S\000e\000n\000s\000i\000t\000i\000v\000i\000t\000y\000\040\000D\000e\000p\000e\000n\000d\000s\000\040\000O\000n\000\040\000P\000r\000i\000o\000r\000\040\000P\000r\000o\000b\000a\000b\000i\000l\000i\000t\000i\000e\000s}{section.4}% 21
\BOOKMARK [2][-]{subsection.4.4}{\376\377\000W\000h\000i\000c\000h\000\040\000M\000e\000a\000s\000u\000r\000e\000\040\000o\000f\000\040\000\050\000C\000o\000m\000b\000i\000n\000e\000d\000\051\000\040\000E\000v\000i\000d\000e\000n\000t\000i\000a\000l\000\040\000S\000u\000p\000p\000o\000r\000t\000?}{section.4}% 22
\BOOKMARK [1][-]{section.5}{\376\377\000R\000e\000v\000i\000s\000i\000n\000g\000\040\000t\000h\000e\000\040\000H\000o\000l\000i\000s\000t\000i\000c\000\040\000A\000p\000p\000r\000o\000a\000c\000h}{}% 23
\BOOKMARK [1][-]{section.6}{\376\377\000E\000x\000t\000r\000a\000\040\000u\000n\000s\000t\000r\000u\000c\000t\000u\000r\000e\000d\000\040\000m\000a\000t\000e\000r\000i\000a\000l\000s}{}% 24
\BOOKMARK [2][-]{subsection.6.1}{\376\377\000T\000h\000e\000\040\000l\000i\000k\000e\000l\000i\000h\000o\000o\000d\000\040\000s\000t\000r\000a\000t\000e\000g\000y}{section.6}% 25
\BOOKMARK [3][-]{subsubsection.6.1.1}{\376\377\000K\000a\000p\000l\000o\000w}{subsection.6.1}% 26
\BOOKMARK [3][-]{subsubsection.6.1.2}{\376\377\000D\000a\000w\000i\000d}{subsection.6.1}% 27
\BOOKMARK [2][-]{subsection.6.2}{\376\377\000L\000i\000k\000e\000l\000i\000h\000o\000o\000d\000\040\000a\000n\000d\000\040\000D\000A\000C}{section.6}% 28
\BOOKMARK [3][-]{subsubsection.6.2.1}{\376\377\000K\000a\000p\000l\000o\000w}{subsection.6.2}% 29
\BOOKMARK [2][-]{subsection.6.3}{\376\377\000D\000a\000w\000i\000d\000'\000s\000\040\000l\000i\000k\000e\000l\000i\000h\000o\000o\000d\000\040\000s\000t\000r\000a\000t\000e\000g\000y\000\040\000d\000o\000e\000s\000n\000'\000t\000\040\000h\000e\000l\000p}{section.6}% 30
\BOOKMARK [2][-]{subsection.6.4}{\376\377\000P\000r\000o\000b\000l\000e\000m\000'\000s\000\040\000w\000i\000t\000h\000\040\000K\000a\000p\000l\000o\000w\000'\000s\000\040\000s\000t\000u\000f\000f}{section.6}% 31
\BOOKMARK [2][-]{subsection.6.5}{\376\377\000C\000o\000n\000c\000l\000u\000s\000i\000o\000n\000s}{section.6}% 32
\BOOKMARK [1][-]{section*.39}{\376\377\000R\000e\000f\000e\000r\000e\000n\000c\000e\000s}{}% 33
